{"name":"qv4api-development","hostname":"000103-Macbook pro","pid":48676,"level":30,"msg":"api is running on port: 3000","time":"2018-10-01T19:06:59.266Z","v":0}
{"name":"qv4api-development","hostname":"000103-Macbook pro","pid":48718,"level":30,"msg":"api is running on port: 3000","time":"2018-10-01T19:27:55.979Z","v":0}
{"name":"qv4api-development","hostname":"000103-Macbook pro","pid":48826,"level":30,"msg":"api is running on port: 3000","time":"2018-10-01T19:29:46.846Z","v":0}
{"name":"qv4api-development","hostname":"000103-Macbook pro","pid":49048,"level":30,"msg":"api is running on port: 3000","time":"2018-10-01T20:58:59.787Z","v":0}
{"name":"qv4api-development","hostname":"000103-Macbook pro","pid":49052,"level":30,"msg":"api is running on port: 3000","time":"2018-10-01T21:00:55.673Z","v":0}
{"name":"qv4api-development","hostname":"000103-Macbook pro","pid":49066,"level":30,"msg":"api is running on port: 3000","time":"2018-10-01T21:01:13.902Z","v":0}
{"name":"qv4api-development","hostname":"000103-Macbook pro","pid":49084,"level":30,"msg":"api is running on port: 3000","time":"2018-10-01T21:04:44.345Z","v":0}
{"name":"qv4api-development","hostname":"000103-Macbook pro","pid":49099,"level":30,"msg":"api is running on port: 3000","time":"2018-10-01T21:07:31.629Z","v":0}
{"name":"qv4api-development","hostname":"000103-Macbook pro","pid":49107,"level":30,"msg":"api is running on port: 3000","time":"2018-10-01T21:09:52.086Z","v":0}
{"name":"qv4api-development","hostname":"000103-Macbook pro","pid":49111,"level":30,"msg":"api is running on port: 3000","time":"2018-10-01T21:11:04.964Z","v":0}
{"name":"qv4api-development","hostname":"000103-Macbook pro","pid":49115,"level":30,"msg":"api is running on port: 3000","time":"2018-10-01T21:12:13.945Z","v":0}
{"name":"qv4api-development","hostname":"000103-Macbook pro","pid":49118,"level":30,"msg":"api is running on port: 3000","time":"2018-10-01T21:12:44.730Z","v":0}
{"name":"qv4api-development","hostname":"000103-Macbook pro","pid":49121,"level":30,"msg":"api is running on port: 3000","time":"2018-10-01T21:13:41.283Z","v":0}
{"name":"qv4api-development","hostname":"000103-Macbook pro","pid":49126,"level":30,"msg":"api is running on port: 3000","time":"2018-10-01T21:13:49.773Z","v":0}
{"name":"qv4api-development","hostname":"000103-Macbook pro","pid":49130,"level":30,"msg":"api is running on port: 3000","time":"2018-10-01T21:14:11.269Z","v":0}
{"name":"qv4api-development","hostname":"000103-Macbook pro","pid":49133,"level":30,"msg":"api is running on port: 3000","time":"2018-10-01T21:14:13.122Z","v":0}
{"name":"qv4api-development","hostname":"000103-Macbook pro","pid":49137,"level":30,"msg":"api is running on port: 3000","time":"2018-10-01T21:14:54.580Z","v":0}
{"name":"qv4api-development","hostname":"000103-Macbook pro","pid":50207,"level":30,"msg":"api is running on port: 3000","time":"2018-10-02T13:41:47.871Z","v":0}
{"name":"qv4api-development","hostname":"000103-Macbook pro","pid":50234,"level":30,"msg":"api is running on port: 3000","time":"2018-10-02T13:48:12.137Z","v":0}
{"name":"qv4api-development","hostname":"000103-Macbook pro","pid":50237,"level":30,"msg":"api is running on port: 3000","time":"2018-10-02T13:48:55.152Z","v":0}
{"name":"qv4api-development","hostname":"000103-Macbook pro","pid":50241,"level":30,"msg":"api is running on port: 3000","time":"2018-10-02T13:51:12.042Z","v":0}
{"name":"qv4api-development","hostname":"000103-Macbook pro","pid":50249,"level":30,"msg":"api is running on port: 3000","time":"2018-10-02T13:51:18.301Z","v":0}
{"name":"qv4api-development","hostname":"000103-Macbook pro","pid":50281,"level":30,"msg":"api is running on port: 3000","time":"2018-10-02T14:05:47.748Z","v":0}
{"name":"qv4api-development","hostname":"000103-Macbook pro","pid":50285,"level":30,"msg":"api is running on port: 3000","time":"2018-10-02T14:06:13.482Z","v":0}
{"name":"qv4api-development","hostname":"000103-Macbook pro","pid":50300,"level":30,"msg":"api is running on port: 3000","time":"2018-10-02T14:11:58.206Z","v":0}
{"name":"qv4api-development","hostname":"000103-Macbook pro","pid":50308,"level":30,"msg":"api is running on port: 3000","time":"2018-10-02T14:13:28.936Z","v":0}
{"name":"qv4api-development","hostname":"000103-Macbook pro","pid":50311,"level":30,"msg":"api is running on port: 3000","time":"2018-10-02T14:13:40.242Z","v":0}
{"name":"qv4api-development","hostname":"000103-Macbook pro","pid":50316,"level":30,"msg":"api is running on port: 3000","time":"2018-10-02T14:14:40.365Z","v":0}
{"name":"qv4api-development","hostname":"000103-Macbook pro","pid":50320,"level":30,"msg":"api is running on port: 3000","time":"2018-10-02T14:15:15.984Z","v":0}
{"name":"qv4api-development","hostname":"000103-Macbook pro","pid":50356,"level":30,"msg":"api is running on port: 3000","time":"2018-10-02T14:38:38.875Z","v":0}
{"name":"qv4api-development","hostname":"000103-Macbook pro","pid":50443,"level":30,"msg":"api is running on port: 3000","time":"2018-10-02T15:25:27.894Z","v":0}
{"name":"qv4api-development","hostname":"000103-Macbook pro","pid":50449,"level":30,"msg":"api is running on port: 3000","time":"2018-10-02T15:26:56.952Z","v":0}
{"name":"qv4api-development","hostname":"000103-Macbook pro","pid":50453,"level":30,"msg":"api is running on port: 3000","time":"2018-10-02T15:27:26.369Z","v":0}
{"name":"qv4api-development","hostname":"000103-Macbook pro","pid":50477,"level":30,"msg":"api is running on port: 3000","time":"2018-10-02T15:35:02.133Z","v":0}
{"name":"qv4api-development","hostname":"000103-Macbook pro","pid":50480,"level":30,"msg":"api is running on port: 3000","time":"2018-10-02T15:35:04.574Z","v":0}
{"name":"qv4api-development","hostname":"000103-Macbook pro","pid":50489,"level":30,"msg":"api is running on port: 3000","time":"2018-10-02T15:38:36.898Z","v":0}
{"name":"qv4api-development","hostname":"000103-Macbook pro","pid":50513,"level":30,"msg":"api is running on port: 3000","time":"2018-10-02T15:44:16.878Z","v":0}
{"name":"qv4api-development","hostname":"000103-Macbook pro","pid":50513,"level":30,"msg":"connection error:  TypeError: Cannot read property 'query' of undefined\n    at server.get (/Users/Mike/Quore/restify-project-setup/src/server.js:47:41)\n    at <anonymous>\n    at process._tickDomainCallback (internal/process/next_tick.js:228:7)","time":"2018-10-02T15:44:31.093Z","v":0}
{"name":"qv4api-development","hostname":"000103-Macbook pro","pid":50725,"level":30,"msg":"api is running on port: 3000","time":"2018-10-02T17:38:18.004Z","v":0}
{"name":"qv4api-development","hostname":"000103-Macbook pro","pid":50729,"level":30,"msg":"api is running on port: 3000","time":"2018-10-02T17:39:36.335Z","v":0}
{"name":"qv4api-development","hostname":"000103-Macbook pro","pid":50735,"level":30,"msg":"api is running on port: 3000","time":"2018-10-02T17:40:55.759Z","v":0}
{"name":"qv4api-development","hostname":"000103-Macbook pro","pid":50939,"level":30,"msg":"db connection pools created!","time":"2018-10-02T18:55:04.526Z","v":0}
{"name":"qv4api-development","hostname":"000103-Macbook pro","pid":50939,"level":30,"msg":"api is running on port: 3000","time":"2018-10-02T18:55:04.535Z","v":0}
{"name":"qv4api-development","hostname":"000103-Macbook pro","pid":50942,"level":30,"msg":"db connection pools created!","time":"2018-10-02T18:55:12.806Z","v":0}
{"name":"qv4api-development","hostname":"000103-Macbook pro","pid":50942,"level":30,"msg":"api is running on port: 3000","time":"2018-10-02T18:55:12.815Z","v":0}
{"name":"qv4api-development","hostname":"000103-Macbook pro","pid":50945,"level":30,"msg":"db connection pools created!","time":"2018-10-02T18:55:18.485Z","v":0}
{"name":"qv4api-development","hostname":"000103-Macbook pro","pid":50945,"level":30,"msg":"api is running on port: 3000","time":"2018-10-02T18:55:18.494Z","v":0}
{"name":"qv4api-development","hostname":"000103-Macbook pro","pid":50945,"level":30,"msg":"Connection 2216546 acquired","time":"2018-10-02T18:55:32.600Z","v":0}
{"name":"qv4api-development","hostname":"000103-Macbook pro","pid":50950,"level":30,"msg":"db connection pools created!","time":"2018-10-02T18:56:59.723Z","v":0}
{"name":"qv4api-development","hostname":"000103-Macbook pro","pid":50950,"level":30,"msg":"api is running on port: 3000","time":"2018-10-02T18:56:59.732Z","v":0}
{"name":"qv4api-development","hostname":"000103-Macbook pro","pid":50950,"level":30,"msg":"Connection 2216744 acquired","time":"2018-10-02T18:57:05.182Z","v":0}
{"name":"qv4api-development","hostname":"000103-Macbook pro","pid":50992,"level":30,"msg":"db connection pools created!","time":"2018-10-02T19:28:04.609Z","v":0}
{"name":"qv4api-development","hostname":"000103-Macbook pro","pid":50992,"level":30,"msg":"api is running on port: 3000","time":"2018-10-02T19:28:04.618Z","v":0}
{"name":"qv4api-development","hostname":"000103-Macbook pro","pid":50992,"level":30,"msg":"Connection 2221162 acquired","time":"2018-10-02T19:28:09.501Z","v":0}
{"name":"qv4api-development","hostname":"000103-Macbook pro","pid":51027,"level":30,"msg":"db connection pools created!","time":"2018-10-02T19:42:32.788Z","v":0}
{"name":"qv4api-development","hostname":"000103-Macbook pro","pid":51027,"level":30,"msg":"api is running on port: 3000","time":"2018-10-02T19:42:32.796Z","v":0}
{"name":"qv4api-development","hostname":"000103-Macbook pro","pid":51027,"level":30,"msg":"Connection 2223110 acquired","time":"2018-10-02T19:42:37.772Z","v":0}
{"name":"qv4api-development","hostname":"000103-Macbook pro","pid":51027,"level":30,"msg":"Connection 2223110 released","time":"2018-10-02T19:42:37.795Z","v":0}
{"name":"qv4api-development","hostname":"000103-Macbook pro","pid":51034,"level":30,"msg":"db connection pools created!","time":"2018-10-02T19:47:44.773Z","v":0}
{"name":"qv4api-development","hostname":"000103-Macbook pro","pid":51034,"level":30,"msg":"api is running on port: 3000","time":"2018-10-02T19:47:44.786Z","v":0}
{"name":"qv4api-development","hostname":"000103-Macbook pro","pid":51034,"level":30,"msg":"Connection 2223756 acquired","time":"2018-10-02T19:47:50.027Z","v":0}
{"name":"qv4api-development","hostname":"000103-Macbook pro","pid":51034,"level":30,"msg":"Connection 2223756 released","time":"2018-10-02T19:47:50.052Z","v":0}
{"name":"qv4api-development","hostname":"000103-Macbook pro","pid":51037,"level":30,"msg":"db connection pools created!","time":"2018-10-02T19:48:45.479Z","v":0}
{"name":"qv4api-development","hostname":"000103-Macbook pro","pid":51037,"level":30,"msg":"api is running on port: 3000","time":"2018-10-02T19:48:45.488Z","v":0}
{"name":"qv4api-development","hostname":"000103-Macbook pro","pid":51041,"level":30,"msg":"db connection pools created!","time":"2018-10-02T19:49:59.734Z","v":0}
{"name":"qv4api-development","hostname":"000103-Macbook pro","pid":51041,"level":30,"msg":"api is running on port: 3000","time":"2018-10-02T19:49:59.744Z","v":0}
{"name":"qv4api-development","hostname":"000103-Macbook pro","pid":51051,"level":30,"msg":"db connection pools created!","time":"2018-10-02T19:51:24.777Z","v":0}
{"name":"qv4api-development","hostname":"000103-Macbook pro","pid":51051,"level":30,"msg":"api is running on port: 3000","time":"2018-10-02T19:51:24.788Z","v":0}
